-------------------------------------------------------------------------------------
------------------Oscar. Tarea Clase01 WiFi Connection with esp8266------------------

**WiFi Neighboring Scan in 2.4GHz**

Number of Scaned SSIDs: 15
1) SSID: INFINITUM0044	BSSID: 34:21:09:73:8B:F1	RSSI: -50 dBm
2) SSID: INFINITUM0001	BSSID: A8:54:A2:26:16:B0	RSSI: -50 dBm
3) SSID: INFINITUMC6B4	BSSID: 54:A6:19:B6:DB:04	RSSI: -76 dBm
4) SSID: INFINITUMC1E3	BSSID: 50:4E:DC:86:1C:38	RSSI: -87 dBm
5) SSID: INFINITUMBC36	BSSID: 54:A6:19:B6:5D:1C	RSSI: -79 dBm
6) SSID: GARCIA  24_EXT	BSSID: 60:32:B1:2B:1C:AA	RSSI: -87 dBm
7) SSID: Totalplay-04A5_EXT	BSSID: 80:3F:5D:85:17:96	RSSI: -81 dBm
8) SSID: Totalplay-04A5	BSSID: 90:16:BA:D1:2C:C0	RSSI: -84 dBm
9) SSID: INFINITUM0044	BSSID: 34:21:09:73:8B:E9	RSSI: -53 dBm
10) SSID:      CHULA	BSSID: 8C:09:F4:7C:69:00	RSSI: -85 dBm
11) SSID: INFINITUM00B7_2.4	BSSID: 50:4E:DC:86:70:05	RSSI: -63 dBm
12) SSID: INFINITUM14AE	BSSID: 50:4E:DC:86:C6:C8	RSSI: -49 dBm
13) SSID: SMART_OF	BSSID: 50:4E:DC:58:B4:EC	RSSI: -67 dBm
14) SSID: INFINITUMA628_2.4	BSSID: F0:68:65:F7:8F:F9	RSSI: -81 dBm
15) SSID: SMART_LV	BSSID: 50:4E:DC:56:7D:B4	RSSI: -84 dBm

Connecting to 2.4GHz WiFi, SSID: INFINITUM0001 with Static IP Address 
....
WiFi Status: 3  Connected to WiFi!!!

-----Settings of the STA (station): 
SSID...............: INFINITUM0001
Pre-Shared Key.....: xsAX6SDA7Q
MAC Address........: 5C:CF:7F:0F:DD:51
BSSID (MAC AP).....: A8:54:A2:26:16:B0
Received Signal Strength (RSSI): -51 dBm
Hostname...........: ESP-0FDD51
Gateway IP.........: 192.168.1.254
Static IP Address..: 192.168.1.171
Subnet Mask........: 255.255.255.0
Primary DNS IP.....: (IP unset)
Secondary DNS IP...: (IP unset)
